[   0.000] Iitlizig roup sbss cpse
[    0.000000]Intializing cgroup subsys cpu
[    0.000000] Initializing cgroup subsys cpuacct
[    0.000000] Linux version 4.4.0-59-generic (buildd@lgw01-11) (gcc version 5.4.0 20160609 (Ubuntu 5.4.0-6ubuntu1~16.04.4) ) #80-Ubuntu SMP Fri Jan 6 17:47:47 UTC 017 (Ubuntu 4.4.0-59.80-generic 4.4.35)
[    0.000000] Command line: BOOT_IMAGE=/boot/vmlinuz-4.4.0-59-generic root=LABEL=cloudimg-rootfs ro console=tty1 console=ttyS0
[    0.000000] KERNEL supported cpus:
[    0.000000]   Intel GenuineIntel
[    0.000000]   AMD AuthenticAMD
[    0.000000]   Centaur CentaurHauls
[    0.000000] x86/fpu: Legacy x87 FPU detected.
[    0.000000] x86/fpu: Using 'lazy' FPU context switches.
[    0.000000] e820: BIOS-provided physical RAM map:
[    0.000000] BIOS-e820: [mem 0x0000000000000000-0x000000000009fbff] usable
[    0.000000] BIOS-e820: [mem 0x000000000009fc00-0x000000000009ffff] reserved
[    0.000000] BIOS-e820: [mem 0x00000000000f0000-0x00000000000fffff] reserved
[    0.000000] BIOS-e820: [mem 0x0000000000100000-0x000000003ffeffff] usable
[    0.000000] BIOS-e820: [mem 0x000000003fff0000-0x000000003fffffff] ACPI data
[    0.000000] BIOS-e820: [mem 0x00000000fffc0000-0x00000000ffffffff] reserved
[    0.000000] NX (Execute Disable) protection: active
[    0.000000] SMBIOS 2.5 present.
[    0.000000] e820: last_pfn = 0x3fff0 max_arch_pfn = 0x400000000
[    0.000000] MTRR: Disabled
[    0.000000] x86/PAT: MTRRs disabled, skipping PAT initialization too.
[    0.000000] x86/PAT: Configuration [0-7]: WB  WT  UC- UC  WB  WT  UC- UC  
[    0.000000] CPU MTRRs all blank - virtualized system.
[    0.000000] found SMP MP-table at [mem 0x0009fff0-0x0009ffff] mapped at [ffff88000009fff0]
[    0.000000] Scanning 1 areas for low memory corruption
[    0.000000] RAMDISK: [mem 0x36b68000-0x375abfff]
[    0.000000] ACPI: Early table checksum verification disabled
[    0.000000] ACPI: RSDP 0x00000000000E0000 000024 (v02 VBOX  )
[    0.000000] ACPI: XSDT 0x000000003FFF0030 00003C (v01 VBOX   VBOXXSDT 00000001 ASL  00000061)
[    0.000000] ACPI: FACP 0x000000003FFF00F0 0000F4 (v04 VBOX   VBOXFACP 00000001 ASL  00000061)
[    0.000000] ACPI: DSDT 0x000000003FFF0470 001BF1 (v01 VBOX   VBOXBIOS 00000002 INTL 20140214)
[    0.000000] ACPI: FACS 0x000000003FFF0200 000040
[    0.000000] ACPI: FACS 0x000000003FFF0200 000040
[    0.000000] ACPI: APIC 0x000000003FFF0240 00005C (v02 VBOX   VBOXAPIC 00000001 ASL  00000061)
[    0.000000] ACPI: SSDT 0x000000003FFF02A0 0001CC (v01 VBOX   VBOXCPUT 00000002 INTL 20140214)
[    0.000000] No NUMA configuration found
[    0.000000] Faking a node at [mem 0x0000000000000000-0x000000003ffeffff]
[    0.000000] NODE_DATA(0) allocated [mem 0x3ffeb000-0x3ffeffff]
[    0.000000] Zone ranges:
[    0.000000]   DMA      [mem 0x0000000000001000-0x0000000000ffffff]
[    0.000000]   DMA32    [mem 0x0000000001000000-0x000000003ffeffff]
[    0.000000]   Normal   empty
[    0.000000]   Device   empty
[    0.000000] Movable zone start for each node
[    0.000000] Early memory node ranges
[    0.000000]   node   0: [mem 0x0000000000001000-0x000000000009efff]
[    0.000000]   node   0: [mem 0x0000000000100000-0x000000003ffeffff]
[    0.000000] Initmem setup node 0 [mem 0x0000000000001000-0x000000003ffeffff]
[    0.000000] ACPI: PM-Timer IO Port: 0x4008
[    0.000000] IOAPIC[0]: apic_id 2, version 17, address 0xfec00000, GSI 0-23
[    0.000000] ACPI: INT_SRC_OVR (bus 0 bus_irq 0 global_irq 2 dfl dfl)
[    0.000000] ACPI: INT_SRC_OVR (bus 0 bus_irq 9 global_irq 9 high level)
[    0.000000] Using ACPI (MADT) for SMP configuration information
[    0.000000] smpboot: Allowing 2 CPUs, 0 hotplug CPUs
[    0.000000] PM: Registered nosave memory: [mem 0x00000000-0x00000fff]
[    0.000000] PM: Registered nosave memory: [mem 0x0009f000-0x0009ffff]
[    0.000000] PM: Registered nosave memory: [mem 0x000a0000-0x000effff]
[    0.000000] PM: Registered nosave memory: [mem 0x000f0000-0x000fffff]
[    0.000000] e820: [mem 0x40000000-0xfffbffff] available for PCI devices
[    0.00000] Bootin pravirtualize kereln bae rdwae[   0.00000]clcksource: refined-jiffies: mask: 0xffffffff max_cycles: 0xffffffff, max_idle_ns: 7645519600211568 ns
[    0.000000] setup_percpu: NR_CPUS:512 nr_cpumask_bits:512 nr_cpu_ids:2 nr_node_ids:1
[    0.000000] PERCPU: Embedded 33 pages/cpu @ffff88003fc00000 s98264 r8192 d28712 u1048576
[    0.000000] Built 1 zonelists in Node order, mobility grouping on.  Total pages: 257913
[    0.000000] Policy zone: DMA32
[    0.000000] Kernel command line: BOOT_IMAGE=/boot/vmlinuz-4.4.0-59-generic root=LABEL=cloudimg-rootfs ro console=tty1 console=ttyS0
[    0.000000] PID hash table entries: 4096 (order: 3, 32768 bytes)
[    0.000000] Memory: 1002104K/1048120K available (8436K kernel code, 1291K rwdata, 3960K rodata, 1488K init, 1316K bss, 46016K reserved, 0K cma-reserved)
[    0.000000] SLUB: HWalign=64, Order=0-3, MinObjects=0, CPUs=2, Nodes=1
[    0.000000] Hierarchical RCU implementation.
[    0.000000] 	Build-time adjustment of leaf fanout to 64.
[    0.000000] 	RCU restricting CPUs from NR_CPUS=512 to nr_cpu_ids=2.
[    0.000000] RCU: Adjusting geometry for rcu_fanout_leaf=64, nr_cpu_ids=2
[    0.000000] NR_IRQS:33024 nr_irqs:440 16
[    0.000000] Console: colour VGA+ 80x25
[    0.000000] console [tty1] enabled
[    0.000000] console [ttyS0] enabled
[    0.000000] tsc: Fast TSC calibration failed
[    0.000000] tsc: Unable to calibrate against PIT
[    0.000000] tsc: using PMTIMER reference calibration
[    0.000000] tsc: Detected 2394.437 MHz processor
[    0.020021] Calibrating delay loop (skipped), value calculated using timer frequency.. 4788.87 BogoMIPS (lpj=9577748)
[    0.024588] pid_max: default: 32768 minimum: 301
[    0.025375] ACPI: Core revision 20150930
[    0.026812] ACPI: 2 ACPI AML tables successfully acquired and loaded
[    0.028309] Security Framework initialized
[    0.029033] Yama: becoming mindful.
[    0.029704] AppArmor: AppArmor initialized
[    0.030502] Dentry cache hash table entries: 131072 (order: 8, 1048576 bytes)
[    0.031722] Inode-cache hash table entries: 65536 (order: 7, 524288 bytes)
[    0.032542] Mount-cache hash table entries: 2048 (order: 2, 16384 bytes)
[    0.036013] Mountpoint-cache hash table entries: 2048 (order: 2, 16384 bytes)
[    0.040163] Initializing cgroup subsys io
[    0.040889] Initializing cgroup subsys memory
[    0.041646] Initializing cgroup subsys devices
[    0.042410] Initializing cgroup subsys freezer
[    0.044012] Initializing cgroup subsys net_cls
[    0.044776] Initializing cgroup subsys perf_event
[    0.045568] Initializing cgroup subsys net_prio
[    0.046535] Initializing cgroup subsys hugetlb
[    0.047298] Initializing cgroup subsys pids
[    0.048099] CPU: Physical Processor ID: 0
[    0.048814] CPU: Processor Core ID: 0
[    0.049490] mce: CPU supports 0 MCE banks
[    0.050234] Last level iTLB entries: 4KB 64, 2MB 8, 4MB 8
[    0.051103] Last level dTLB entries: 4KB 64, 2MB 0, 4MB 0, 1GB 4
[    0.054502] Freeing SMP alternatives memory: 32K (ffffffff820b8000 - ffffffff820c0000)
[    0.066879] ftrace: allocating 32064 entries in 126 pages
[    0.076096] smpboot: APIC(0) Converting physical 0 to logical package 0
[    0.080011] smpboot: Max logical packages: 1
[    0.081974] ..TIMER: vector=0x30 apic1=0 pin1=2 apic2=-1 pin2=-1
[    0.128000] smpboot: CPU0: Intel(R) Core(TM) i7-5500U CPU @ 2.40GHz (family: 0x6, model: 0x3d, stepping: 0x4)
[    0.132975] Performance Events: unsupported p6 CPU model 61 no PMU driver, software events only.
[    0.136034] NMI watchdog: disabled (cpu0): hardware events not enabled
[    0.137037] NMI watchdog: Shutting down hard lockup detector on all cpus
[    0.138190] x86: Booting SMP configuration:
[    0.138926] .... node  #0, CPUs:      #1
[    0.024000] mce: CPU supports 0 MCE banks
[    0.142523] x86: Booted up 1 node, 2 CPUs
[    0.144007] smpboot: Total of 2 processors activated (9577.74 BogoMIPS)
[    0.148268] devtmpfs: initialized
[    0.149822] evm: security.selinux
[    0.150460] evm: security.SMACK64
[    0.152023] evm: security.SMACK64EXEC
[    0.152701] evm: security.SMACK64TRANSMUTE
[    0.156006] evm: security.SMACK64MMAP
[    0.156681] evm: security.ima
[    0.157277] evm: security.capability
[    0.158517] clocksource: jiffies: mask: 0xffffffff max_cycles: 0xffffffff, max_idle_ns: 7645041785100000 ns
[    0.160062] pinctrl core: initialized pinctrl subsystem
[    0.160131] RTC time: 23:07:01, date: 01/28/17
[    0.161155] NET: Registered protocol family 16
[    0.168016] cpuidle: using governor ladder
[    0.176044] cpuidle: using governor menu
[    0.178914] PCCT header not found.
[    0.180085] ACPI: bus type PCI registered
[    0.182004] acpiphp: ACPI Hot Plug PCI Controller Driver version: 0.5
[    0.184248] PCI: Using configuration type 1 for base access
[    0.196209] ACPI: Added _OSI(Module Device)
[    0.198186] ACPI: Added _OSI(Processor Device)
[    0.199002] ACPI: Added _OSI(3.0 _SCP Extensions)
[    0.200894] ACPI: Added _OSI(Processor Aggregator Device)
[    0.204008] ACPI: Executed 1 blocks of module-level executable AML code
[    0.208365] ACPI: Interpreter enabled
[    0.210799] ACPI: (supports S0 S5)
[    0.211982] ACPI: Using IOAPIC for interrupt routing
[    0.214118] PCI: Using host bridge windows from ACPI; if necessary, use "pci=nocrs" and report a bug
[    0.217769] ACPI: PCI Root Bridge [PCI0] (domain 0000 [bus 00-ff])
[    0.218851] acpi PNP0A03:00: _OSC: OS supports [ASPM ClockPM Segments MSI]
[    0.220011] acpi PNP0A03:00: _OSC failed (AE_NOT_FOUND); disabling ASPM
[    0.221144] acpi PNP0A03:00: fail to add MMCONFIG information, can't access extended PCI configuration space under this bridge.
[    0.224188] PCI host bridge to bus 0000:00
[    0.224972] pci_bus 0000:00: root bus resource [io  0x0000-0x0cf7 window]
[    0.226127] pci_bus 0000:00: root bus resource [io  0x0d00-0xffff window]
[    0.227286] pci_bus 0000:00: root bus resource [mem 0x000a0000-0x000bffff window]
[    0.228007] pci_bus 0000:00: root bus resource [mem 0x40000000-0xffdfffff window]
[    0.229455] pci_bus 0000:00: root bus resource [bus 00-ff]
[    0.232404] pci 0000:00:01.1: legacy IDE quirk: reg 0x10: [io  0x01f0-0x01f7]
[    0.233465] pci 0000:00:01.1: legacy IDE quirk: reg 0x14: [io  0x03f6]
[    0.234829] pci 0000:00:01.1: legacy IDE quirk: reg 0x18: [io  0x0170-0x0177]
[    0.236007] pci 0000:00:01.1: legacy IDE quirk: reg 0x1c: [io  0x0376]
[    0.270284] ACPI: PCI Interrupt Link [LNKA] (IRQs 5 9 10 11) *0, disabled.
[    0.274454] ACPI: PCI Interrupt Link [LNKB] (IRQs 5 9 10 *11)
[    0.276899] ACPI: PCI Interrupt Link [LNKC] (IRQs 5 9 *10 11)
[    0.278417] ACPI: PCI Interrupt Link [LNKD] (IRQs 5 *9 10 11)
[    0.280884] ACPI: Enabled 2 GPEs in block 00 to 07
[    0.284036] vgaarb: setting as boot device: PCI:0000:00:02.0
[    0.285151] vgaarb: device added: PCI:0000:00:02.0,decodes=io+mem,owns=io+mem,locks=none
[    0.285151] vgaarb: loaded
[    0.285151] vgaarb: bridge control possible 0000:00:02.0
[    0.285837] SCSI subsystem initialized
[    0.288102] ACPI: bus type USB registered
[    0.288913] usbcore: registered new interface driver usbfs
[    0.289925] usbcore: registered new interface driver hub
[    0.292009] usbcore: registered new device driver usb
[    0.292142] PCI: Using ACPI for IRQ routing
[    0.293098] NetLabel: Initializing
[    0.294081] NetLabel:  domain hash size = 128
[    0.301789] NetLabel:  protocols = UNLABELED CIPSOv4
[    0.304040] NetLabel:  unlabeled traffic allowed by default
[    0.308055] amd_nb: Cannot enumerate AMD northbridges
[    0.309257] clocksource: Switched to clocksource refined-jiffies
[    0.316056] AppArmor: AppArmor Filesystem Enabled
[    0.324071] pnp: PnP ACPI init
[    0.325303] pnp: PnP ACPI: found 4 devices
[    0.336289] clocksource: acpi_pm: mask: 0xffffff max_cycles: 0xffffff, max_idle_ns: 2085701024 ns
[    0.340022] clocksource: Switched to clocksource acpi_pm
[    0.341426] NET: Registered protocol family 2
[    0.342800] TCP established hash table entries: 8192 (order: 4, 65536 bytes)
[    0.345714] TCP bind hash table entries: 8192 (order: 5, 131072 bytes)
[    0.347286] TCP: Hash tables configured (established 8192 bind 8192)
[    0.348552] UDP hash table entries: 512 (order: 2, 16384 bytes)
[    0.349594] UDP-Lite hash table entries: 512 (order: 2, 16384 bytes)
[    0.350691] NET: Registered protocol family 1
[    0.351519] pci 0000:00:00.0: Limiting direct PCI/PCI transfers
[    0.352574] pci 0000:00:01.0: Activating ISA DMA hang workarounds
[    0.354145] Trying to unpack rootfs image as initramfs...
[    1.974195] Freeing initrd memory: 10512K (ffff880036b68000 - ffff8800375ac000)
[    1.982012] RAPL PMU detected, API unit is 2^-32 Joules, 4 fixed counters 10737418240 ms ovfl timer
[    1.984774] hw unit of domain pp0-core 2^-0 Joules
[    1.985662] hw unit of domain package 2^-0 Joules
[    1.986514] hw unit of domain dram 2^-0 Joules
[    1.987561] hw unit of domain pp1-gpu 2^-0 Joules
[    1.988533] platform rtc_cmos: registered platform RTC device (no PNP device found)
[    1.990000] Scanning for low memory corruption every 60 seconds
[    1.991378] futex hash table entries: 512 (order: 3, 32768 bytes)
[    1.993538] audit: initializing netlink subsys (disabled)
[    1.994513] audit: type=2000 audit(1485644820.991:1): initialized
[    1.996994] Initialise system trusted keyring
[    1.998089] HugeTLB registered 2 MB page size, pre-allocated 0 pages
[    2.001065] zbud: loaded
[   2.0011] VFS: Disk quotas dquot_6.6.0

[    2.197035] VFS: Dquot-cache hash table entries: 512 (order 0, 4096 bytes)
[    2.198342] squashfs: version 4.0 (2009/01/31) Phillip Lougher
[    2.199622] fuse init (API version 7.23)
[    2.200580] Key type big_key registered
[    2.201302] Allocating IMA MOK and blacklist keyrings.
[    2.205049] Key type asymmetric registered
[    2.205989] Asymmetric key parser 'x509' registered
[    2.206940] Block layer SCSI generic (bsg) driver version 0.4 loaded (major 249)
[    2.209081] io scheduler noop registered
[    2.209800] io scheduler deadline registered (default)
[    2.210677] io scheduler cfq registered
[    2.211526] pci_hotplug: PCI Hot Plug PCI Core version: 0.5
[    2.212969] pciehp: PCI Express Hot Plug Controller Driver version: 0.4
[    2.214683] ACPI: AC Adapter [AC] (on-line)
[    2.216104] input: Power Button as /devices/LNXSYSTM:00/LNXPWRBN:00/input/input0
[    2.218076] ACPI: Power Button [PWRF]
[    2.219184] input: Sleep Button as /devices/LNXSYSTM:00/LNXSLPBN:00/input/input1
[    2.220823] ACPI: Sleep Button [SLPF]
[    2.222158] ACPI: Battery Slot [BAT0] (battery present)
[    2.223049] GHES: HEST is not enabled!
[    2.223894] Serial: 8250/16550 driver, 32 ports, IRQ sharing enabled
[    2.246663] 00:03: ttyS0 at I/O 0x3f8 (irq = 4, base_baud = 115200) is a 16550A
[    2.369984] Linux agpgart interface v0.103
[    2.441326] brd: module loaded
[    2.451451] loop: module loaded
[    24571sc host0 a_pii
[    2.988134] tsc: Refined TSC clocksource calibration: 2394.472 MHz
[    2.988138] clocksource: tsc: mask: 0xffffffffffffffff max_cycles: 0x2283d1a10f2, max_idle_ns: 440795323121 ns
[    3.127832] scsi host1: ata_piix
[    3.129582] ata1: PATA max UDMA/33 cmd 0x1f0 ctl 0x3f6 bmdma 0xd000 irq 14
[    3.130621] ata2: PATA max UDMA/33 cmd 0x170 ctl 0x376 bmdma 0xd008 irq 15
[    3.131765] libphy: Fixed MDIO Bus: probed
[    3.132580] tun: Universal TUN/TAP device driver, 1.6
[    3.133413] tun: (C) 1999-2004 Max Krasnyansky <maxk@qualcomm.com>
[    3.134507] PPP generic driver version 2.4.2
[    3.135389] ehci_hcd: USB 2.0 'Enhanced' Host Controller (EHCI) Driver
[    3.136431] ehci-pci: EHCI PCI platform driver
[    3.137209] ehci-platform: EHCI generic platform driver
[    3.138068] ohci_hcd: USB 1.1 'Open' Host Controller (OHCI) Driver
[    3.139029] ohci-pci: OHCI PCI platform driver
[    3.139995] ohci-platform: OHCI generic platform driver
[    3.140891] uhci_hcd: USB Universal Host Controller Interface driver
[    3.141929] i8042: PNP: PS/2 Controller [PNP0303:PS2K,PNP0f03:PS2M] at 0x60,0x64 irq 1,12
[    3.149667] serio: i8042 KBD port at 0x60,0x64 irq 1
[    3.150496] serio: i8042 AUX port at 0x60,0x64 irq 12
[    3.151787] mousedev: PS/2 mouse device common for all mice
[    3.153203] input: AT Translated Set 2 keyboard as /devices/platform/i8042/serio0/input/input2
[    3.155134] rtc_cmos rtc_cmos: rtc core: registered rtc_cmos as rtc0
[    3.156230] rtc_cmos rtc_cmos: alarms up to one day, 114 bytes nvram
[    3.157216] i2c /dev entries driver
[    3.157925] device-mapper: uevent: version 1.0.3
[    3.158849] device-mapper: ioctl: 4.34.0-ioctl (2015-10-28) initialised: dm-devel@redhat.com
[    3.190030] ledtrig-cpu: registered to indicate activity on CPUs
[    3.191757] NET: Registered protocol family 10
[    3.193625] NET: Registered protocol family 17
[    3.264471] Key type dns_resolver registered
[    3.349959] microcode: CPU0 sig=0x306d4, pf=0x2, revision=0x19
[    3.456519] microcode: CPU1 sig=0x306d4, pf=0x2, revision=0x19
[    3.458727] microcode: Microcode Update Driver: v2.01 <tigran@aivazian.fsnet.co.uk>, Peter Oruba
[    3.460636] registered taskstats version 1
[    3.461469] Loading compiled-in X.509 certificates
[    3.462875] Loaded X.509 cert 'Build time autogenerated kernel key: 6ffa6bfaa152a74cd2b6aa1e188cb999d8f5632b'
[    3.579133] zswap: loaded using pool lzo/zbud
[    3.646691] Key type trusted registered
[    3.716455] Key type encrypted registered
[    3.717315] AppArmor: AppArmor sha1 policy hashing enabled
[    3.719506] ima: No TPM chip found, activating TPM-bypass!
[    3.736100] evm: HMAC attrs: 0x1
[    3.739698]   Magic number: 1:579:151
[    3.764502] bdi 1:3: hash matches
[    3.765249] rtc_cmos rtc_cmos: setting system clock to 2017-01-28 23:07:04 UTC (1485644824)
[    3.766838] BIOS EDD facility v0.16 2004-Jun-25, 0 devices found
[    3.767795] EDD information not available.
[    3.769771] Freeing unused kernel memory: 1488K (ffffffff81f44000 - ffffffff820b8000)
[    3.771109] Write protecting the kernel read-only data: 14336k
[    3.772550] Freeing unused kernel memory: 1792K (ffff880001840000 - ffff880001a00000)
[    3.774348] Freeing unused kernel memory: 136K (ffff880001dde000 - ffff880001e00000)
Loading, please wait...
starting version[    3.795727] random: systemd-udevd: uninitialized urandom read (16 bytes read, 2 bits of entropy available)
 229
[    3.796974] random: udevadm: uninitialized urandom read (16 bytes read, 2 bits of entropy available)
[    3.797030] random: udevadm: uninitialized urandom read (16 bytes read, 2 bits of entropy available)
[    3.797217] random: udevadm: uninitialized urandom read (16 bytes read, 2 bits of entropy available)
[    3.797285] random: udevadm: uninitialized urandom read (16 bytes read, 2 bits of entropy available)
[    3.797362] random: udevadm: uninitialized urandom read (16 bytes read, 2 bits of entropy available)
[    3.797425] random: udevadm: uninitialized urandom read (16 bytes read, 2 bits of entropy available)
[    3.797496] random: udevadm: uninitialized urandom read (16 bytes read, 2 bits of entropy available)
[    3.797564] random: udevadm: uninitialized urandom read (16 bytes read, 2 bits of entropy available)
[    3.797631] random: udevadm: uninitialized urandom read (16 bytes read, 2 bits of entropy available)
[    3.828308] Fusion MPT base driver 3.04.20
[    3.834412] Copyright (c) 1999-2008 LSI Corporation
[    3.836097] e1000: Intel(R) PRO/1000 Network Driver - version 7.3.21-k8-NAPI
[    3.845043] e1000: Copyright (c) 1999-2006 Intel Corporation.
[    3.857527] Fusion MPT SPI Host driver 3.04.20
[    3.994585] clocksource: Switched to clocksource tsc
[    4.051501] input: ImExPS/2 Generic Explorer Mouse as /devices/platform/i8042/serio1/input/input4
[    4.204509] e1000 0000:00:03.0 eth0: (PCI:33MHz:32-bit) 02:6d:90:52:c7:b2
[    4.210905] e1000 0000:00:03.0 eth0: Intel(R) PRO/1000 Network Connection
[    4.213250] e1000 0000:00:03.0 enp0s3: renamed from eth0
[    4.215293] mptbase: ioc0: Initiating bringup
[    4.289382] ioc0: LSI53C1030 A0: Capabilities={Initiator}
[    5.291965] scsi host2: ioc0: LSI53C1030 A0, FwRev=00000000h, Ports=1, MaxQ=256, IRQ=20
[    5.940819] scsi 2:0:0:0: Direct-Access     VBOX     HARDDISK         1.0  PQ: 0 ANSI: 5
[    5.949584] scsi target2:0:0: Beginning Domain Validation
[    5.953111] scsi target2:0:0: Domain Validation skipping write tests
[    5.954223] scsi target2:0:0: Ending Domain Validation
[    5.955210] scsi target2:0:0: asynchronous
[    5.956456] scsi 2:0:1:0: Direct-Access     VBOX     HARDDISK         1.0  PQ: 0 ANSI: 5
[    5.957987] scsi target2:0:1: Beginning Domain Validation
[    5.960041] scsi target2:0:1: Domain Validation skipping write tests
[    5.961155] scsi target2:0:1: Ending Domain Validation
[    5.962165] scsi target2:0:1: asynchronous
[    5.970589] sd 2:0:0:0: [sda] 20971520 512-byte logical blocks: (10.7 GB/10.0 GiB)
[    5.973030] sd 2:0:0:0: Attached scsi generic sg0 type 0
[    5.973208] sd 2:0:0:0: [sda] Write Protect is off
[    5.973324] sd 2:0:0:0: [sda] Incomplete mode parameter data
[    5.973328] sd 2:0:0:0: [sda] Assuming drive cache: write through
[    5.975096]  sda: sda1
[    5.975667] sd 2:0:0:0: [sda] Attached SCSI disk
[    6.514691] sd 2:0:1:0: Attached scsi generic sg1 type 0
[    6.514731] sd 2:0:1:0: [sdb] 20480 512-byte logical blocks: (10.5 MB/10.0 MiB)
[    6.527648] sd 2:0:1:0: [sdb] Write Protect is off
[    6.529718] sd 2:0:1:0: [sdb] Incomplete mode parameter data
[    6.530706] sd 2:0:1:0: [sdb] Assuming drive cache: write through
[    6.536790] sd 2:0:1:0: [sdb] Attached SCSI disk
[    6.857558] floppy0: no floppy controllers found
Begin: Loading e[   10.248977] md: linear personality registered for level -1
ssential drivers ... [   10.259779] md: multipath personality registered for level -4
[   10.264413] md: raid0 personality registered for level 0
[   10.271668] md: raid1 personality registered for level 1
[   10.344039] raid6: sse2x1   gen()  9365 MB/s
[   10.468034] raid6: sse2x1   xor()  7067 MB/s
[   10.604036] raid6: sse2x2   gen() 11632 MB/s
[   10.752034] raid6: sse2x2   xor()  7769 MB/s
[   10.892035] raid6: sse2x4   gen() 13750 MB/s
[   11.020031] raid6: sse2x4   xor()  9464 MB/s
[   11.041715] raid6: using algorithm sse2x4 gen() 13750 MB/s
[   11.042595] raid6: .... xor() 9464 MB/s, rmw enabled
[   11.043417] raid6: using ssse3x2 recovery algorithm
[   11.045660] xor: measuring software checksum speed
[   11.095700]    prefetch64-sse: 37352.000 MB/sec
[   11.147237]    generic_sse: 45420.000 MB/sec
[   11.153662] xor: using function: generic_sse (45420.000 MB/sec)
[   11.156697] async_tx: api initialized (async)
[   11.174151] md: raid6 personality registered for level 6
[   11.190203] md: raid5 personality registered for level 5
[   11.191364] md: raid4 personality registered for level 4
[   11.198316] md: raid10 personality registered for level 10
done.
Begin: Running /scripts/init-premount ... done.
Begin: Mounting root file system ... Begin: Running /scripts/local-top ... done.
Begin: Running /scripts/local-premount ... [   11.247586] Btrfs loaded
Scanning for Btrfs filesystems
done.
Warning: fsck not present, so skipping root file system
[   11.306144] EXT4-fs (sda1): mounted filesystem with ordered data mode. Opts: (null)
done.
Begin: Running /scripts/local-bottom ... done.
Begin: Running /scripts/init-bottom ... done.
[   11.438808] systemd[1]: systemd 229 running in system mode. (+PAM +AUDIT +SELINUX +IMA +APPARMOR +SMACK +SYSVINIT +UTMP +LIBCRYPTSETUP +GCRYPT +GNUTLS +ACL +XZ -LZ4 +SECCOMP +BLKID +ELFUTILS +KMOD -IDN)
[   11.451211] systemd[1]: Detected virtualization oracle.
[   11.452215] systemd[1]: Detected architecture x86-64.

Welcome to [1mUbuntu 16.04.1 LTS[0m!

[   11.458853] systemd[1]: Set hostname to <ubuntu>.
[   11.464160] systemd[1]: Initializing machine ID from random generator.
[   11.470863] systemd[1]: Installed transient /etc/machine-id file.
[   11.588705] systemd[1]: Listening on Journal Audit Socket.
[[0;32m  OK  [0m] Listening on Journal Audit Socket.
[   11.620427] systemd[1]: Set up automount Arbitrary Executable File Formats File System Automount Point.
[[0;32m  OK  [0m] Set up automount Arbitrary Executab...ats File System Automount Point.
[   11.625346] systemd[1]: Listening on Journal Socket.
[[0;32m  OK  [0m] Listening on Journal Socket.
[   11.628063] systemd[1]: Listening on /dev/initctl Compatibility Named Pipe.
[[0;32m  OK  [0m] Listening on /dev/initctl Compatibility Named Pipe.
[   11.685973] systemd[1]: Reached target Swap.
[[0;32m  OK  [0m] Reached target Swap.
[   .80875 syste[1 Rch tgeEnrypted Volums.
[[0;32m  OK  [0m] Reached target Encrypted Volumes.
[ 13992]systemd[1]: Listening on Journal Socket (/dev/log).
[[0;32m  OK  [0m] Listening on Journal Socket (/dev/log).
[ 134066] systmd1]: isenin oud Ctr Ske
[[0;32m  OK  [0m] Listening on udev Control Socket.
[   14.776758] systemd[1]: Created slice System Slice.
[[0;32m  OK  [0m] Created slice System Slice.
[   14.872470] systemd[1]: Mounting Debug File System...
         Mounting Debug File System...
[   14.906696] systemd[1]: Mounting Huge Pages File System...
         Mounting Huge Pages File System...
[   14.911443] systemd[1]: Starting Create list of required static device nodes for the current kernel...
         Starting Create list of required st... nodes for the current kernel...
[   14.919271] systemd[1]: Starting Set console keymap...
         Starting Set console keymap...
[   14.924363] systemd[1]: Starting Load Kernel Modules...
         Starting Load Kernel Modules...
[   14.927509] systemd[1]: Listening on udev Kernel Socket.
[[0;32m  OK  [0m] Listening on udev Kernel Socket.
[   14.938937] Loading iSCSI transport class v2.0-870.
[   14.941166] systemd[1]: Listening on LVM2 poll daemon socket.
[[0;32m  OK  [0m] Listening on [   15.133813] iscsi: registered transport (tcp)
LVM2 poll daemon socket.
[   15.208278] systemd[1]: Listening on LVM2 metadata daemon socket.
[[0;32m  OK  [0m] Listening on LVM2 metadata daemon socket.
[   15.212943] systemd[1]: Created slice User and Session Slice.
[[0;32m  OK  [0m] Created slice User and Session Slice.
[   15.223940] systemd[1]: Reached target Slices.
[[0;32m  OK  [0m] Reached target Slices.
[   15.268309] systemd[1]: Starting Remount Root and Kernel File Systems...
         Startin[   15.276685] EXT4-fs (sda1): re-mounted. Opts: (null)
g Remount Root and Kernel File Systems...
[   15.280418] iscsi: registered transport (iser)
[   15.284608] systemd[1]: Started Forward Password Requests to Wall Directory Watch.
[[0;32m  OK  [0m] Started Forward Password Requests to Wall Directory Watch.
[   15.289298] systemd[1]: Listening on Device-mapper event daemon FIFOs.
[[0;32m  OK  [0m] Listening on Device-mapper event daemon FIFOs.
[   15.293144] systemd[1]: Starting Uncomplicated firewall...
         Starting Uncomplicated firewall...
[ 15921]ystemd[1: Created slice system-serial\x2dgetty.slice.
[[0;32m  OK  [0m] Created slice system-serial\x2dgetty.slice.
[   15.972926] systemd[1]: Mounting POSIX Message Queue File System...
         Mounting POSIX Message Queue File System...
[   15.984160] systemd[1]: Reached target User and Group Name Lookups.
[[0;32m  OK  [0m] Reached target User and Group Name Lookups.
[   15.987077] systemd[1]: Starting Monitoring of LVM2 mirrors, snapshots etc. using dmeventd or progress polling...
         Starting Monitoring of LVM2 mirrors... dmeventd or progress polling...
[   15.993165] systemd[1]: Listening on Syslog Socket.
[[0;32m  OK  [0m] Listening on Syslog Socket.
[   16.095421] systemd[1]: Starting Journal Service...
         Starting Journal Service...
[   16.109154] systemd[1]: Starting Nameserver information manager...
         Starting Nameserver information manager...
[   16.116146] systemd[1]: Mounted Debug File System.
[[0;32m  OK  [0m] Mounted Debug File System.
[   16.127865] systemd[1]: Mounted POSIX Message Queue File System.
[[0;32m  OK  [0m] Mounted POSIX Message Queue File System.
[   16.133342] systemd[1]: Mounted Huge Pages File System.
[[0;32m  OK  [0m] Mounted Huge Pages File System.
[   16.136912] systemd[1]: Started Create list of required static device nodes for the current kernel.
[[0;32m  OK  [0m] Started Create list of required sta...ce nodes for the current kernel.
[   16.141483] systemd[1]: Started Set console keymap.
[[0;32m  OK  [0m] Started Set console keymap.
[   16.143676] systemd[1]: Started Load Kernel Modules.
[[0;32m  OK  [0m] Started Load Kernel Modules.
[   16.148532] systemd[1]: Started Remount Root and Kernel File Systems.
[[0;32m  OK  [0m] Started Remount Root and Kernel File Systems.
[   16.152313] systemd[1]: Started Uncomplicated firewall.
[[0;32m  OK  [0m] Started Uncomplicated firewall.
[   16.170126] systemd[1]: Started Journal Service.
[[0;32m  OK  [0m] Started Journal Service.
[[0;32m  OK  [0m] Started Nameserver information manager.
[   16.298595] random: nonblocking pool is initialized
[[0;32m  OK  [0m] Started LVM2 metadata daemon.
         Starting udev Coldplug all Devices...
         Starting Initial cloud-init job (pre-networking)...
         Starting Load/Save Random Seed...
         Starting Flush Journal to Persistent Storage...
         Mounting FUSE Control File System...
         Starting Apply Kernel Variables...
         Starting Create Static Device Nodes in /dev...
[[0;32m  OK  [0m] Mounted FUSE Control File System.
[[0;32m  OK  [0m] Started Load/Save Random Seed.
[[0;32m  OK  [0m] Started Apply Kernel Variables.
[[0;32m  OK  [0m] Started udev Coldplug all Devices.
[[0;32m  OK  [0m] Started Flush Journal to Persistent Storage.
[[0;32m  OK  [0m] Started Create Static Device Nodes in /dev.
         Starting udev Kernel Device Manager...
[[0;32m  OK  [0m] Started udev Kernel Device Manager.
[[0;32m  OK  [0m] Started Dispatch Password Requests to Console Directory Watch.
[[0;32m  OK  [0m] Started Monitoring of LVM2 mirrors,...ng dmeventd or progress polling.
[[0;32m  OK  [0m] Reached target Local File Systems (Pre).
[[0;32m  OK  [0m] Reached target Local File Systems.
         Starting Create Volatile Files and Directories...
         Starting Set console font and keymap...
         Starting LSB: AppArmor initialization...
         Starting Commit a transient machine-id on disk...
         Starting Tell Plymouth To Write Out Runtime Data...
[[0;32m  OK  [0m] Started Create Volatile Files and Directories.
[[0;32m  OK  [0m] Started Tell Plymouth To Write Out Runtime Data.
[[0;32m  OK  [0m] Reached target System Time Synchronized.
         Starting Update UTMP about System Boot/Shutdown...
[[0;32m  OK  [0m] Started Commit a transient machine-id on disk.
[[0;32m  OK  [0m] Started Update UTMP about System Boot/Shutdown.
[[0;32m  OK  [0m] Found device /dev/ttyS0.
[[0;32m  OK  [0m] Listening on Load/Save RF Kill Switch Status /dev/rfkill Watch.
[   17.858198] cloud-init[453]: Cloud-init v. 0.7.8 running 'init-local' at Sat, 28 Jan 2017 23:07:18 +0000. Up 17.40 seconds.
[[0;32m  OK  [0m] Started Set console font and keymap.
[[0;32m  OK  [0m] Started LSB: AppArmor initialization.
[[0;32m  OK  [0m] Started Initial cloud-init job (pre-networking).
[[0;32m  OK  [0m] Reached target Network (Pre).
         Starting Raise network interfaces...
[[0;32m  OK  [0m] Created slice system-getty.slice.
[[0;32m  OK  [0m] Started Raise network interfaces.
[[0;32m  OK  [0m] Reached target Network.
         Starting Initial cloud-init job (metadata service crawler)...
[   21.217042] cloud-init[1004]: Cloud-init v. 0.7.8 running 'init' at Sat, 28 Jan 2017 23:07:21 +0000. Up 20.49 seconds.
[   21.281583] [[0;32m  OK  [0m] Started Initial cloud-init job (metadata service crawler).
cloud-init[1004]: ci-info: +++++++++++++++++++++++++++++++++++++Net device info++++++++++++++++++++++++++++++++++++++[[0;32m  OK  [0m] Reached target Network is Online.

[   21.288819] cloud-init[1004]: ci-info: +--------+------+----------------------------+---------------+-------+-------------------+
[   21.294404] cloud-init[1004]: ci-info: | Device |  Up  |          Address           |      Mask     | Scope |     Hw-Address    |
[   21.296338] cloud-init[1004]: ci-info: +--------+------+----------------------------+---------------+-------+-------------------+
[   21.297893] cloud-init[1004]: ci-info: |   lo   | True |         127.0.0.1          |   255.0.0.0   |   .   |         .         |
[   21.299479] cloud-init[1004]: ci-info: |   lo   | True |          ::1/128           |       .       |  host |         .         |
[   21.301133] cloud-init[1004]: ci-info: | enp0s3 | True |         10.0.2.15          | 255.255.255.0 |   .   | 02:6d:90:52:c7:b2 |
[   21.302691] cloud-init[1004]: ci-info: | enp0s3 | True | fe80::6d:90ff:fe52:c7b2/64 |       .       |  link | 02:6d:90:52:c7:b2 |
[   21.313602] cloud-init[1004]: ci-info: +--------+------+----------------------------+---------------+-------+-------------------+
[   21.314048] cloud-init[1004]: ci-info: +++++++++++++++++++++++++++Route IPv4 info++++++++++++++++++++++++++++
[   21.314245] cloud-init[1004]: ci-info: +-------+-------------+----------+---------------+-----------+-------+
[   21.314460] cloud-init[1004]: ci-info: | Route | Destination | Gateway  |    Genmask    | Interface | Flags |
[   21.314672] cloud-init[1004]: ci-info: +-------+-------------+----------+---------------+-----------+-------+
[   21.314896] cloud-init[1004]: ci-info: |   0   |   0.0.0.0   | 10.0.2.2 |    0.0.0.0    |   enp0s3  |   UG  |
[   21.315098] cloud-init[1004]: ci-info: |   1   |   10.0.2.0  | 0.0.0.0  | 255.255.255.0 |   enp0s3  |   U   |
[   21.315359] cloud-init[1004]: ci-info: +-------+-------------+----------+---------------+-----------+-------+
[   21.315559] cloud-init[1004]: Generating public/private rsa key pair.
[   21.315766] cloud-init[1004]: Your identification has been saved in /etc/ssh/ssh_host_rsa_key.
[   21.315983] cloud-init[1004]: Your public key has been saved in /etc/ssh/ssh_host_rsa_key.pub.
[   21.316396] cloud-init[1004]: The key fingerprint is:
[   21.316599] cloud-init[1004]: SHA256:PNqVNcDxGVLUO9eMb08w5KhLu02ViwZgcpp1BDzw/QI root@ubuntu-xenial
[   21.316811] cloud-init[1004]: The key's randomart image is:
[   21.317033] cloud-init[1004]: +---[RSA 2048]----+
[   21.317236] cloud-init[1004]: |      .o.o=++.   |
[   21.317453] cloud-init[1004]: |       .oo.+ oo  |
[   21.317673] cloud-init[1004]: |      . E.o =+ +.|
[   21.317875] cloud-init[1004]: |       O + +..B.+|
[   21.318088] cloud-init[1004]: |      o S =.. o* |
[   21.318312] cloud-init[1004]: |       o ooo o .+|
[   21.318513] cloud-init[1004]: |      . .. o+ .o.|
[   21.318730] cloud-init[1004]: |          o+    .|
[   21.318937] cloud-init[1004]: |          ...    |
[   21.319866] cloud-init[1004]: +----[SHA256]-----+
[   21.320090] cloud-init[1004]: Generating public/private dsa key pair.
[   21.320232] cloud-init[1004]: Your identification has been saved in /etc/ssh/ssh_host_dsa_key.
[   21.320448] cloud-init[1004]: Your public key has been saved in /etc/ssh/ssh_host_dsa_key.pub.
[   21.320653] cloud-init[1004]: The key fingerprint is:
[   21.320864] cloud-init[1004]: SHA256:0JLjj9084XLO1cpPVLatLZycXbphY8JBftp+lTqwVnM root@ubuntu-xenial
[   21.321087] cloud-init[1004]: The key's randomart image is:
[   21.321310] cloud-init[1004]: +---[DSA 1024]----+
[   21.321504] cloud-init[1004]: |                 |
[   21.321728] cloud-init[1004]: |       o         |
[   21.321931] cloud-init[1004]: |      = .   .   o|
[   21.322155] cloud-init[1004]: |     . +   o   oo|
[   21.322357] cloud-init[1004]: |      . S . o o.+|
[   21.322582] cloud-init[1004]: |       + + + % Eo|
[   21.322793] cloud-init[1004]: |      . + * O ^ +|
[   21.323007] cloud-init[1004]: |         = * X =.|
[   21.323215] cloud-init[1004]: |          + o.=. |
[   21.323626] cloud-init[1004]: +----[SHA256]-----+
[   21.323781] cloud-init[1004]: Generating public/private ecdsa key pair.
[   21.323953] cloud-init[1004]: Your identification has been saved in /etc/ssh/ssh_host_ecdsa_key.
[   21.324277] cloud-init[1004]: Your public key has been saved in /etc/ssh/ssh_host_ecdsa_key.pub.
[   21.324435] cloud-init[1004]: The key fingerprint is:
[   21.324593] cloud-init[1004]: SHA256:nTSoo1E4m2GQ3y9chv9C2JlHP/gJHYBN4lBihdl7P7g root@ubuntu-xenial
[   21.324757] cloud-init[1004]: The key's randomart image is:
[   21.324894] cloud-init[1004]: +---[ECDSA 256]---+
[   21.325042] cloud-init[1004]: |  ..  +*++.      |
[   21.325175] cloud-init[1004]: |  .. oo+ooo      |
[   21.325323] cloud-init[1004]: |   .=...o.o.     |
[   21.325456] cloud-init[1004]: |   ..*o.+ooo.    |
[   21.325601] cloud-init[1004]: |    +.oBS=o* .   |
[   21.325742] cloud-init[1004]: |     o+.B = *    |
[   21.325884] cloud-init[1004]: |    .  o o + +   |
[   21.326024] cloud-init[1004]: |        . E o    |
[   21.326166] cloud-init[1004]: |         .       |
[   21.326302] cloud-init[1004]: +----[SHA256]-----+
[   21.326448] cloud-init[1004]: Generating public/private ed25519 key pair.
[   21.326586] cloud-init[1004]: Your identification has been saved in /etc/ssh/ssh_host_ed25519_key.
[   21.326728] cloud-init[1004]: Your public key has been saved in /etc/ssh/ssh_host_ed25519_key.pub.
[   21.326869] cloud-init[1004]: The key fingerprint is:
[   21.327007] cloud-init[1004]: SHA256:AIyukWRYvhgmxula7VH5xEFDXW0ziFYU+FfWto3LUzc root@ubuntu-xenial
[   21.327150] cloud-init[1004]: The key's randomart image is:
[   21.327294] cloud-init[1004]: +--[ED25519 256]--+
[   21.327434] cloud-init[1004]: |...o.  o=. *=+  .|
[   21.327582] cloud-init[1004]: |o+o .. o o= . = =|
[   21.327715] cloud-init[1004]: |=B.   + o. . . Bo|
[   21.327865] cloud-init[1004]: |Bo.o . +    . oE+|
[   21.327996] cloud-init[1004]: |.+o o   S    o oo|
[   21.328282] cloud-init[1004]: |o. . .        +  |
[   21.328418] cloud-init[1004]: |.   .          . |
[   21.328557] cloud-init[1004]: |                 |
[   21.328692] cloud-init[1004]: |                 |
[   21.328836] cloud-init[1004]: +----[SHA256]-----+
         Starting iSCSI initiator daemon (iscsid)...
[[0;32m  OK  [0m] Reached target Cloud-config availability.
[[0;32m  OK  [0m] Reached target System Initialization.
[[0;32m  OK  [0m] Started Daily Cleanup of Temporary Directories.
[[0;32m  OK  [0m] Listening on ACPID Listen Socket.
         Starting Socket activation for snappy daemon.
[[0;32m  OK  [0m] Started Timer to automatically refresh installed snaps.
[[0;32m  OK  [0m] Listening on D-Bus System Message Bus Socket.
[[0;32m  OK  [0m] Listening on UUID daemon activation socket.
[[0;32m  OK  [0m] Started Trigger resolvconf update for networkd DNS.
[[0;32m  OK  [0m] Started ACPI Events Check.
[[0;32m  OK  [0m] Reached target Paths.
         Starting LXD - unix socket.
[[0;32m  OK  [0m] Started Daily apt activities.
[[0;32m  OK  [0m] Reached target Timers.
[[0;32m  OK  [0m] Listening on Socket activation for snappy daemon.
[[0;32m  OK  [0m] Listening on LXD - unix socket.
[[0;32m  OK  [0m] Started iSCSI initiator daemon (iscsid).
         Starting Login to default iSCSI targets...
[[0;32m  OK  [0m] Reached target Sockets.
[[0;32m  OK  [0m] Reached target Basic System.
         Starting Apply the settings specified in cloud-config...
         Starting LSB: Record successful boot for GRUB...
[[0;32m  OK  [0m] Started Deferred execution scheduler.
[[0;32m  OK  [0m] Started FUSE filesystem for LXC.
[[0;32m  OK  [0m] Started Regular background program processing daemon.
         Starting /etc/rc.local Compatibility...
[[0;32m  OK  [0m] Started ACPI event daemon.
         Starting System Logging Service...
         Starting Accounts Service...
         Starting Login Service...
         Starting LXD - container startup/shutdown...
         Starting LSB: MD monitoring daemon...
[[0;32m  OK  [0m] Started D-Bus System Message Bus.
         Starting Pollinate to seed the pseudo random number generator...
[[0;32m  OK  [0m] Started Snappy daemon.
         Starting Auto import assertions from block devices...
[[0;32m  OK  [0m] Started System Logging Service.
[[0;32m  OK  [0m] Started /etc/rc.local Compatibility.
[[0;32m  OK  [0m] Started LXD - container startup/shutdown.
[[0;32m  OK  [0m] Started Auto import assertions from block devices.
[   22.137974] cloud-init[1103]: Generating locales (this might take a while)...
[[0;32m  OK  [0m] Started Login to default iSCSI targets.
[[0;32m  OK  [0m] Started LSB: Record successful boot for GRUB.
[[0;32m  OK  [0m] Started LSB: MD monitoring daemon.
[[0;32m  OK  [0m] Started Login Service.
         Starting Authenticate and Authorize Users to Run Privileged Tasks...
[[0;32m  OK  [0m] Reached target Remote File Systems (Pre).
[[0;32m  OK  [0m] Reached target Remote File Systems.
         Starting LSB: VirtualBox Linux Additions...
         Starting LSB: automatic crash report generation...
         Starting LSB: daemon to balance interrupts for SMP systems...
         Starting Permit User Sessions...
         Starting LSB: Set the CPU Frequency Scaling governor to "ondemand"...
[[0;32m  OK  [0m] Started Permit User Sessions.
[[0;32m  OK  [0m] Started Authenticate and Authorize Users to Run Privileged Tasks.
[[0;32m  OK  [0m] Started Accounts Service.
[[0;32m  OK  [0m] Started LSB: automatic crash report generation.
         Starting Terminate Plymouth Boot Screen...
         Starting Hold until boot process finishes up...
[[0;32m  OK  [0m] Started LSB: VirtualBox Linux Additions.
[[0;32m  OK  [0m] Started LSB: daemon to balance interrupts for SMP systems.
[[0;32m  OK  [0m] Started LSB: Set the CPU Frequency Scaling governor to "ondemand".
[[0;32m  OK  [0m] Started Terminate Plymouth Boot Screen.
[[0;32m  OK  [0m] Started Hold until boot process finishes up.
[[0;32m  OK  [0m] Started Serial Getty on ttyS0.
[[0;32m  OK  [0m] Started Getty on tty1.
[[0;32m  OK  [0m] Reached target Login Prompts.
         Starting Set console scheme...
[[0;32m  OK  [0m] Started Pollinate to seed the pseudo random number generator.
[[0;32m  OK  [0m] Started Set console scheme.
         Starting OpenBSD Secure Shell server...
[[0;32m  OK  [0m] Started OpenBSD Secure Shell server.
[[0;32m  OK  [0m] Reached target Multi-User System.
[[0;32m  OK  [0m] Reached target Graphical Interface.
         Starting Update UTMP about System Runlevel Changes...
[[0;32m  OK  [0m] Started Update UTMP about System Runlevel Changes.
[   22.937313] cloud-init[1103]:   en_US.UTF-8... done
[   22.948183] cloud-init[1103]: Generation complete.
         Stopping OpenBSD Secure Shell server...
[[0;32m  OK  [0m] Stopped OpenBSD Secure Shell server.
         Starting OpenBSD Secure Shell server...
[[0;32m  OK  [0m] Started OpenBSD Secure Shell server.
[   23.411646] cloud-init[1103]: Cloud-init v. 0.7.8 running 'modules:config' at Sat, 28 Jan 2017 23:07:22 +0000. Up 21.98 seconds.
[[0;32m  OK  [0m] Started Apply the settings specified in cloud-config.
         Starting Execute cloud user/final scripts...
ci-info: no authorized ssh keys fingerprints found for user ubuntu.
<14>Jan 28 23:07:24 ec2: 
<14>Jan 28 23:07:24 ec2: #############################################################
<14>Jan 28 23:07:24 ec2: -----BEGIN SSH HOST KEY FINGERPRINTS-----
<14>Jan 28 23:07:24 ec2: 1024 SHA256:0JLjj9084XLO1cpPVLatLZycXbphY8JBftp+lTqwVnM root@ubuntu-xenial (DSA)
<14>Jan 28 23:07:24 ec2: 256 SHA256:nTSoo1E4m2GQ3y9chv9C2JlHP/gJHYBN4lBihdl7P7g root@ubuntu-xenial (ECDSA)
<14>Jan 28 23:07:24 ec2: 256 SHA256:AIyukWRYvhgmxula7VH5xEFDXW0ziFYU+FfWto3LUzc root@ubuntu-xenial (ED25519)
<14>Jan 28 23:07:24 ec2: 2048 SHA256:PNqVNcDxGVLUO9eMb08w5KhLu02ViwZgcpp1BDzw/QI root@ubuntu-xenial (RSA)
<14>Jan 28 23:07:24 ec2: -----END SSH HOST KEY FINGERPRINTS-----
<14>Jan 28 23:07:24 ec2: #############################################################
-----BEGIN SSH HOST KEY KEYS-----
ecdsa-sha2-nistp256 AAAAE2VjZHNhLXNoYTItbmlzdHAyNTYAAAAIbmlzdHAyNTYAAABBBOpaTU+70b7h5pN+rHtqzBU0SBi56s6DDi8gW7K3UxCQvgnzwoZ/LcBnhF5tN7uCDHdAAftficzOfXa0KyJrNtQ= root@ubuntu-xenial
ssh-ed25519 AAAAC3NzaC1lZDI1NTE5AAAAICcxbL5LL9BckEnIPBnf/IuR/N2RabVozz2QJtD1+nCD root@ubuntu-xenial
ssh-rsa AAAAB3NzaC1yc2EAAAADAQABAAABAQChVGD7HeU7fYkUrqxYxJR1jkSUS+y+4rYCqMyfd5PSoDMJZPmkO0VeMITQHyU9sk2Zk4EBjMPrz+Iw+90m3dImhycCWYanpfy76ZeB5SQYfFeogD0ukVEjxqbEWZ3makXX1WBqEfDhVcYe7WtKbwTuTsGJSqW8eoX52ifqHNe0f9AP5YBvl4XJM5QSrglPI8PPKO7it91A3TkgX11axkKC/PdRrzspkn7Exn2G783Fm8+Q6gg89JMIjyxYrbpZ1YvtXgyiM28CWpLskgjO7CqFvMoFBz1IyLOr/iAilYsY1XydzVze5kKdZ7iJbTtgBQEw+pAIvFvIeykVGwJRvUAZ root@ubuntu-xenial
-----END SSH HOST KEY KEYS-----
[   24.001486] cloud-init[1371]: Cloud-init v. 0.7.8 running 'modules:final' at Sat, 28 Jan 2017 23:07:24 +0000. Up 23.73 seconds.
[   24.010570] cloud-init[1371]: ci-info: no authorized ssh keys fingerprints found for user ubuntu.
[   24.013239] cloud-init[1371]: Cloud-init v. 0.7.8 finished at Sat, 28 Jan 2017 23:07:24 +0000. Datasource DataSourceNoCloud [seed=/dev/sdb][dsmode=net].  Up 23.99 seconds
[[0;32m  OK  [0m] Started Execute cloud user/final scripts.
[[0;32m  OK  [0m] Reached target Cloud-init target.

Ubuntu 16.04.1 LTS ubuntu-xenial ttyS0

ubuntu-xenial login: 